#
# There is insufficient memory for the Java Runtime Environment to continue.
# Native memory allocation (mmap) failed to map 268435456 bytes for Failed to commit area from 0x0000000700a00000 to 0x0000000710a00000 of length 268435456.
# Possible reasons:
#   The system is out of physical RAM or swap space
#   The process is running with CompressedOops enabled, and the Java Heap may be blocking the growth of the native heap
# Possible solutions:
#   Reduce memory load on the system
#   Increase physical memory or swap space
#   Check if swap backing store is full
#   Decrease Java heap size (-Xmx/-Xms)
#   Decrease number of Java threads
#   Decrease Java thread stack sizes (-Xss)
#   Set larger code cache with -XX:ReservedCodeCacheSize=
# This output file may be truncated or incomplete.
#
#  Out of Memory Error (./src/hotspot/os/windows/os_windows.cpp:3511), pid=5468, tid=4408
#
# JRE version:  (11.0.11+9) (build )
# Java VM: OpenJDK 64-Bit Server VM (11.0.11+9-b1504.13, mixed mode, sharing, tiered, compressed oops, g1 gc, windows-amd64)
# No core dump will be written. Minidumps are not enabled by default on client versions of Windows
#

---------------  S U M M A R Y ------------

Command Line: git4idea.http.GitAskPassApp Username for 'https://github.com': 

Host: Intel(R) Core(TM) i5-6500 CPU @ 3.20GHz, 4 cores, 15G,  Windows 10 , 64 bit Build 19041 (10.0.19041.1151)
Time: Wed Aug 18 19:59:07 2021 中国标准时间 elapsed time: 0.091418 seconds (0d 0h 0m 0s)

---------------  T H R E A D  ---------------

Current thread (0x000001e29cd5e000):  JavaThread "Unknown thread" [_thread_in_vm, id=4408, stack(0x0000001ecfd00000,0x0000001ecfe00000)]

Stack: [0x0000001ecfd00000,0x0000001ecfe00000]
Native frames: (J=compiled Java code, j=interpreted, Vv=VM code, C=native code)
V  [jvm.dll+0x5f5d5a]
V  [jvm.dll+0x7798b5]
V  [jvm.dll+0x77aecd]
V  [jvm.dll+0x77b583]
V  [jvm.dll+0x244978]
V  [jvm.dll+0x5f3174]
V  [jvm.dll+0x5e7d55]
V  [jvm.dll+0x30068b]
V  [jvm.dll+0x3005fa]
V  [jvm.dll+0x3004d2]
V  [jvm.dll+0x3053c6]
V  [jvm.dll+0x34e0a3]
V  [jvm.dll+0x34e7a6]
V  [jvm.dll+0x34e1a3]
V  [jvm.dll+0x2db0c8]
V  [jvm.dll+0x2dc267]
V  [jvm.dll+0x758057]
V  [jvm.dll+0x75984c]
V  [jvm.dll+0x35b659]
V  [jvm.dll+0x73b67e]
V  [jvm.dll+0x3c39f3]
V  [jvm.dll+0x3c5dd1]
C  [jli.dll+0x5373]
C  [ucrtbase.dll+0x21bb2]
C  [KERNEL32.DLL+0x17034]
C  [ntdll.dll+0x52651]


---------------  P R O C E S S  ---------------

Threads class SMR info:
_java_thread_list=0x000001e29cc617a0, length=0, elements={
}

Java Threads: ( => current thread )

Other Threads:
  0x000001e29cd76800 GCTaskThread "GC Thread#0" [stack: 0x0000001ecfe00000,0x0000001ecff00000] [id=10908]
  0x000001e29cdd6000 ConcurrentGCThread "G1 Main Marker" [stack: 0x0000001ecff00000,0x0000001ed0000000] [id=27840]
  0x000001e29cdd7800 ConcurrentGCThread "G1 Conc#0" [stack: 0x0000001ed0000000,0x0000001ed0100000] [id=23248]

[error occurred during error reporting (printing all threads), id 0xc0000005, EXCEPTION_ACCESS_VIOLATION (0xc0000005) at pc=0x00007ff977d9b8f7]

VM state:not at safepoint (not fully initialized)

VM Mutex/Monitor currently owned by a thread:  ([mutex/lock_event])
[0x000001e29cd5da30] Heap_lock - owner thread: 0x000001e29cd5e000

Heap address: 0x0000000700a00000, size: 4086 MB, Compressed Oops mode: Non-zero based: 0x0000000700a00000
Narrow klass base: 0x0000000000000000, Narrow klass shift: 0

GC Heap History (0 events):
No events

Deoptimization events (0 events):
No events

Classes redefined (0 events):
No events

Internal exceptions (0 events):
No events

Events (1 events):
Event: 0.081 Loaded shared library C:\Users\Cooper\AppData\Local\JetBrains\Toolbox\apps\IDEA-U\ch-0\212.4746.92\jbr\bin\zip.dll


Dynamic libraries:
0x00007ff7f5c40000 - 0x00007ff7f5c4a000 	C:\Users\Cooper\AppData\Local\JetBrains\Toolbox\apps\IDEA-U\ch-0\212.4746.92\jbr\bin\java.exe
0x00007ffa000d0000 - 0x00007ffa002c5000 	C:\Windows\SYSTEM32\ntdll.dll
0x00007ff9ff000000 - 0x00007ff9ff0bd000 	C:\Windows\System32\KERNEL32.DLL
0x00007ff9fdbc0000 - 0x00007ff9fde89000 	C:\Windows\System32\KERNELBASE.dll
0x00007ff9fe030000 - 0x00007ff9fe130000 	C:\Windows\System32\ucrtbase.dll
0x00007ff9dc210000 - 0x00007ff9dc229000 	C:\Users\Cooper\AppData\Local\JetBrains\Toolbox\apps\IDEA-U\ch-0\212.4746.92\jbr\bin\jli.dll
0x00007ff9fe130000 - 0x00007ff9fe2d0000 	C:\Windows\System32\USER32.dll
0x00007ff9fdaf0000 - 0x00007ff9fdb12000 	C:\Windows\System32\win32u.dll
0x00007ff9fe2d0000 - 0x00007ff9fe2fa000 	C:\Windows\System32\GDI32.dll
0x00007ff9fdf20000 - 0x00007ff9fe02b000 	C:\Windows\System32\gdi32full.dll
0x00007ff9fdb20000 - 0x00007ff9fdbbd000 	C:\Windows\System32\msvcp_win.dll
0x00007ff9ed0c0000 - 0x00007ff9ed35a000 	C:\Windows\WinSxS\amd64_microsoft.windows.common-controls_6595b64144ccf1df_6.0.19041.1110_none_60b5254171f9507e\COMCTL32.dll
0x00007ff9ff700000 - 0x00007ff9ff79e000 	C:\Windows\System32\msvcrt.dll
0x00007ff9c1620000 - 0x00007ff9c1637000 	C:\Users\Cooper\AppData\Local\JetBrains\Toolbox\apps\IDEA-U\ch-0\212.4746.92\jbr\bin\VCRUNTIME140.dll
0x00007ff9fe300000 - 0x00007ff9fe330000 	C:\Windows\System32\IMM32.DLL
0x00007ff99ddb0000 - 0x00007ff99de4d000 	C:\Users\Cooper\AppData\Local\JetBrains\Toolbox\apps\IDEA-U\ch-0\212.4746.92\jbr\bin\msvcp140.dll
0x00007ff977ab0000 - 0x00007ff9785fa000 	C:\Users\Cooper\AppData\Local\JetBrains\Toolbox\apps\IDEA-U\ch-0\212.4746.92\jbr\bin\server\jvm.dll
0x00007ff9fe7b0000 - 0x00007ff9fe85c000 	C:\Windows\System32\ADVAPI32.dll
0x00007ff9ff4c0000 - 0x00007ff9ff55b000 	C:\Windows\System32\sechost.dll
0x00007ff9ff560000 - 0x00007ff9ff68a000 	C:\Windows\System32\RPCRT4.dll
0x00007ff9fe9a0000 - 0x00007ff9fe9a8000 	C:\Windows\System32\PSAPI.DLL
0x00007ff9f59d0000 - 0x00007ff9f59f7000 	C:\Windows\SYSTEM32\WINMM.dll
0x00007ff9c6ab0000 - 0x00007ff9c6ab9000 	C:\Windows\SYSTEM32\WSOCK32.dll
0x00007ff9f5c00000 - 0x00007ff9f5c0a000 	C:\Windows\SYSTEM32\VERSION.dll
0x00007ff9ff690000 - 0x00007ff9ff6fb000 	C:\Windows\System32\WS2_32.dll
0x00007ff9fb610000 - 0x00007ff9fb622000 	C:\Windows\SYSTEM32\kernel.appcore.dll
0x00007ff9db3a0000 - 0x00007ff9db3b1000 	C:\Users\Cooper\AppData\Local\JetBrains\Toolbox\apps\IDEA-U\ch-0\212.4746.92\jbr\bin\verify.dll
0x00007ff9f4750000 - 0x00007ff9f4934000 	C:\Windows\SYSTEM32\DBGHELP.DLL
0x00007ff9f4720000 - 0x00007ff9f474c000 	C:\Windows\SYSTEM32\dbgcore.DLL
0x00007ff9fde90000 - 0x00007ff9fdf13000 	C:\Windows\System32\bcryptPrimitives.dll
0x00007ff9a5490000 - 0x00007ff9a54b9000 	C:\Users\Cooper\AppData\Local\JetBrains\Toolbox\apps\IDEA-U\ch-0\212.4746.92\jbr\bin\java.dll
0x00007ff9dddb0000 - 0x00007ff9dddbb000 	C:\Users\Cooper\AppData\Local\JetBrains\Toolbox\apps\IDEA-U\ch-0\212.4746.92\jbr\bin\jimage.dll
0x00007ff9d4ed0000 - 0x00007ff9d4ee8000 	C:\Users\Cooper\AppData\Local\JetBrains\Toolbox\apps\IDEA-U\ch-0\212.4746.92\jbr\bin\zip.dll

dbghelp: loaded successfully - version: 4.0.5 - missing functions: none
symbol engine: initialized successfully - sym options: 0x614 - pdb path: .;C:\Users\Cooper\AppData\Local\JetBrains\Toolbox\apps\IDEA-U\ch-0\212.4746.92\jbr\bin;C:\Windows\SYSTEM32;C:\Windows\WinSxS\amd64_microsoft.windows.common-controls_6595b64144ccf1df_6.0.19041.1110_none_60b5254171f9507e;C:\Users\Cooper\AppData\Local\JetBrains\Toolbox\apps\IDEA-U\ch-0\212.4746.92\jbr\bin\server

VM Arguments:
java_command: git4idea.http.GitAskPassApp Username for 'https://github.com': 
java_class_path (initial): C:/Users/Cooper/AppData/Local/JetBrains/Toolbox/apps/IDEA-U/ch-0/212.4746.92/plugins/git4idea/lib/git4idea-rt.jar;C:/Users/Cooper/AppData/Local/JetBrains/Toolbox/apps/IDEA-U/ch-0/212.4746.92/lib/3rd-party.jar
Launcher Type: SUN_STANDARD

[Global flags]
     intx CICompilerCount                          = 3                                         {product} {ergonomic}
     uint ConcGCThreads                            = 1                                         {product} {ergonomic}
     uint G1ConcRefinementThreads                  = 4                                         {product} {ergonomic}
   size_t G1HeapRegionSize                         = 1048576                                   {product} {ergonomic}
    uintx GCDrainStackTargetSize                   = 64                                        {product} {ergonomic}
   size_t InitialHeapSize                          = 268435456                                 {product} {ergonomic}
   size_t MarkStackSize                            = 4194304                                   {product} {ergonomic}
   size_t MaxHeapSize                              = 4284481536                                {product} {ergonomic}
   size_t MinHeapDeltaBytes                        = 1048576                                   {product} {ergonomic}
    uintx NonNMethodCodeHeapSize                   = 5830732                                {pd product} {ergonomic}
    uintx NonProfiledCodeHeapSize                  = 122913754                              {pd product} {ergonomic}
    uintx ProfiledCodeHeapSize                     = 122913754                              {pd product} {ergonomic}
    uintx ReservedCodeCacheSize                    = 251658240                              {pd product} {ergonomic}
     bool SegmentedCodeCache                       = true                                      {product} {ergonomic}
     bool UseCompressedClassPointers               = true                                 {lp64_product} {ergonomic}
     bool UseCompressedOops                        = true                                 {lp64_product} {ergonomic}
     bool UseG1GC                                  = true                                      {product} {ergonomic}
     bool UseLargePagesIndividualAllocation        = false                                  {pd product} {ergonomic}

Logging:
Log output configuration:
 #0: stdout all=warning uptime,level,tags
 #1: stderr all=off uptime,level,tags

Environment Variables:
PATH=E:\softwares\git\Git\mingw64\libexec\git-core;E:\softwares\git\Git\mingw64\libexec\git-core;E:\softwares\git\Git\mingw64\bin;E:\softwares\git\Git\usr\bin;C:\Users\Cooper\bin;C:\Python39\Scripts;C:\Python39;E:\softwares\vmware\bin;C:\Windows\system32;C:\Windows;C:\Windows\System32\Wbem;C:\Windows\System32\WindowsPowerShell\v1.0;C:\Windows\System32\OpenSSH;C:\Program Files\dotnet;E:\softwares\code_language\go\bin;E:\softwares\git\Git\cmd;E:\softwares\anaconda;E:\softwares\anaconda\Library\mingw-w64\bin;E:\softwares\anaconda\Library\bin;E:\softwares\anaconda\Scripts;C:\Program Files\Docker\Docker\resources\bin;C:\ProgramData\DockerDesktop\version-bin;C:\Program Files (x86)\PuTTY;E:\softwares\mingw\bin;E:\softwares\openssh\bin;C:\ProgramData\chocolatey\bin;E:\softwares\nodejs;E:\softwares\cmder;C:\Users\Cooper\AppData\Local\Microsoft\WindowsApps;E:\softwares\VSCode\Microsoft VS Code\bin;C:\Users\Cooper\go\bin;C:\Users\Cooper\AppData\Roaming\npm
USERNAME=Cooper
DISPLAY=:0.0
LC_ALL=en_US.UTF-8
OS=Windows_NT
PROCESSOR_IDENTIFIER=Intel64 Family 6 Model 94 Stepping 3, GenuineIntel



---------------  S Y S T E M  ---------------

OS: Windows 10 , 64 bit Build 19041 (10.0.19041.1151)
OS uptime: 6 days 0:20 hours
Hyper-V role detected

CPU:total 4 (initial active 4) (4 cores per cpu, 1 threads per core) family 6 model 94 stepping 3 microcode 0xcc, cmov, cx8, fxsr, mmx, sse, sse2, sse3, ssse3, sse4.1, sse4.2, popcnt, avx, avx2, aes, clmul, erms, rtm, 3dnowpref, lzcnt, tsc, tscinvbit, bmi1, bmi2, adx, fma

Memory: 4k page, system-wide physical 16336M (1330M free)
TotalPageFile size 30480M (AvailPageFile size 148M)
current process WorkingSet (physical memory assigned to process): 10M, peak: 10M
current process commit charge ("private bytes"): 52M, peak: 308M

vm_info: OpenJDK 64-Bit Server VM (11.0.11+9-b1504.13) for windows-amd64 JRE (11.0.11+9-b1504.13), built on Jul 18 2021 03:17:44 by "" with MS VC++ 14.0 (VS2015)

END.
